===== Job started at 2026-04-26 10:13:08 =====

debconf: delaying package configuration, since apt-utils is not installed

Selecting previously unselected package libexpat1:amd64.

(Reading database ... 
(Reading database ... 5%
(Reading database ... 10%
(Reading database ... 15%
(Reading database ... 20%
(Reading database ... 25%
(Reading database ... 30%
(Reading database ... 35%
(Reading database ... 40%
(Reading database ... 45%
(Reading database ... 50%
(Reading database ... 55%
(Reading database ... 60%
(Reading database ... 65%
(Reading database ... 70%
(Reading database ... 75%
(Reading database ... 80%
(Reading database ... 85%
(Reading database ... 90%
(Reading database ... 95%
(Reading database ... 100%
(Reading database ... 14910 files and directories currently installed.)

Preparing to unpack .../0-libexpat1_2.4.7-1ubuntu0.7_amd64.deb ...

Unpacking libexpat1:amd64 (2.4.7-1ubuntu0.7) ...

Selecting previously unselected package libnghttp2-14:amd64.

Preparing to unpack .../1-libnghttp2-14_1.43.0-1ubuntu0.2_amd64.deb ...

Unpacking libnghttp2-14:amd64 (1.43.0-1ubuntu0.2) ...

Selecting previously unselected package libpsl5:amd64.

Preparing to unpack .../2-libpsl5_0.21.0-1.2build2_amd64.deb ...

Unpacking libpsl5:amd64 (0.21.0-1.2build2) ...

Selecting previously unselected package libbrotli1:amd64.

Preparing to unpack .../3-libbrotli1_1.0.9-2build6_amd64.deb ...

Unpacking libbrotli1:amd64 (1.0.9-2build6) ...

Selecting previously unselected package librtmp1:amd64.

Preparing to unpack .../4-librtmp1_2.4+20151223.gitfa8646d.1-2build4_amd64.deb ...

Unpacking librtmp1:amd64 (2.4+20151223.gitfa8646d.1-2build4) ...

Selecting previously unselected package libssh-4:amd64.

Preparing to unpack .../5-libssh-4_0.9.6-2ubuntu0.22.04.7_amd64.deb ...

Unpacking libssh-4:amd64 (0.9.6-2ubuntu0.22.04.7) ...

Selecting previously unselected package libcurl3-gnutls:amd64.

Preparing to unpack .../6-libcurl3-gnutls_7.81.0-1ubuntu1.23_amd64.deb ...

Unpacking libcurl3-gnutls:amd64 (7.81.0-1ubuntu1.23) ...

Selecting previously unselected package liberror-perl.

Preparing to unpack .../7-liberror-perl_0.17029-1_all.deb ...

Unpacking liberror-perl (0.17029-1) ...

Selecting previously unselected package git-man.

Preparing to unpack .../8-git-man_1%3a2.34.1-1ubuntu1.17_all.deb ...

Unpacking git-man (1:2.34.1-1ubuntu1.17) ...

Selecting previously unselected package git.

Preparing to unpack .../9-git_1%3a2.34.1-1ubuntu1.17_amd64.deb ...

Unpacking git (1:2.34.1-1ubuntu1.17) ...

Setting up libexpat1:amd64 (2.4.7-1ubuntu0.7) ...

Setting up libpsl5:amd64 (0.21.0-1.2build2) ...

Setting up libbrotli1:amd64 (1.0.9-2build6) ...

Setting up libnghttp2-14:amd64 (1.43.0-1ubuntu0.2) ...

Setting up liberror-perl (0.17029-1) ...

Setting up librtmp1:amd64 (2.4+20151223.gitfa8646d.1-2build4) ...

Setting up libssh-4:amd64 (0.9.6-2ubuntu0.22.04.7) ...

Setting up git-man (1:2.34.1-1ubuntu1.17) ...

Setting up libcurl3-gnutls:amd64 (7.81.0-1ubuntu1.23) ...

Setting up git (1:2.34.1-1ubuntu1.17) ...

Processing triggers for libc-bin (2.35-0ubuntu3.6) ...

WARNING: Running pip as the 'root' user can result in broken permissions and conflicting behaviour with the system package manager, possibly rendering your system unusable.It is recommended to use a virtual environment instead: https://pip.pypa.io/warnings/venv. Use the --root-user-action option if you know what you are doing and want to suppress this warning.

Cloning into '/workspace/Gluon'...

[hf-jobs-train] trackio enabled: project=mcm-gemma3-27b-full space=DhiwakarDev/mcm-trackio run=crowd_announcement-20260426-101402

[hf-jobs-train] phase=crowd_announcement tasks=['crowd_announcement']

[hf-jobs-train] model=google/gemma-3-27b-it

[hf-jobs-train] loading google/gemma-3-27b-it in 4-bit NF4 (bf16 compute)



tokenizer_config.json:   0%|          | 0.00/1.16M [00:00<?, ?B/s][A
tokenizer_config.json: 100%|██████████| 1.16M/1.16M [00:00<00:00, 26.3MB/s]



tokenizer.model:   0%|          | 0.00/4.69M [00:00<?, ?B/s][A
tokenizer.model: 100%|██████████| 4.69M/4.69M [00:00<00:00, 11.2MB/s]



tokenizer.json:   0%|          | 0.00/33.4M [00:00<?, ?B/s][A
tokenizer.json: 100%|██████████| 33.4M/33.4M [00:00<00:00, 158MB/s]



added_tokens.json:   0%|          | 0.00/35.0 [00:00<?, ?B/s][A
added_tokens.json: 100%|██████████| 35.0/35.0 [00:00<00:00, 292kB/s]



special_tokens_map.json:   0%|          | 0.00/662 [00:00<?, ?B/s][A
special_tokens_map.json: 100%|██████████| 662/662 [00:00<00:00, 5.97MB/s]



config.json:   0%|          | 0.00/972 [00:00<?, ?B/s][A
config.json: 100%|██████████| 972/972 [00:00<00:00, 9.00MB/s]

`torch_dtype` is deprecated! Use `dtype` instead!



model.safetensors.index.json:   0%|          | 0.00/127k [00:00<?, ?B/s][A
model.safetensors.index.json: 100%|██████████| 127k/127k [00:00<00:00, 142MB/s]



Fetching 12 files:   0%|          | 0/12 [00:00<?, ?it/s][A


model-00005-of-00012.safetensors:   0%|          | 0.00/4.95G [00:00<?, ?B/s][A


model-00007-of-00012.safetensors:   0%|          | 0.00/4.95G [00:00<?, ?B/s][A


model-00004-of-00012.safetensors:   0%|          | 0.00/4.95G [00:00<?, ?B/s][A


model-00006-of-00012.safetensors:   0%|          | 0.00/4.95G [00:00<?, ?B/s][A


model-00001-of-00012.safetensors:   0%|          | 0.00/4.85G [00:00<?, ?B/s][A


model-00008-of-00012.safetensors:   0%|          | 0.00/4.95G [00:00<?, ?B/s][A


model-00002-of-00012.safetensors:   0%|          | 0.00/4.95G [00:00<?, ?B/s][A


model-00003-of-00012.safetensors:   0%|          | 0.00/4.95G [00:00<?, ?B/s][A


model-00005-of-00012.safetensors:   1%|▏         | 67.1M/4.95G [00:01<01:13, 66.4MB/s][A


model-00006-of-00012.safetensors:   0%|          | 0.00/4.95G [00:01<?, ?B/s][A


model-00007-of-00012.safetensors:   0%|          | 0.00/4.95G [00:01<?, ?B/s][A


model-00008-of-00012.safetensors:   1%|▏         | 67.0M/4.95G [00:01<01:19, 61.7MB/s][A


model-00001-of-00012.safetensors:   0%|          | 0.00/4.85G [00:01<?, ?B/s][A


model-00004-of-00012.safetensors:   0%|          | 0.00/4.95G [00:01<?, ?B/s][A


model-00002-of-00012.safetensors:   0%|          | 0.00/4.95G [00:01<?, ?B/s][A


model-00003-of-00012.safetensors:   0%|          | 8.27M/4.95G [00:01<10:03, 8.20MB/s][A


model-00008-of-00012.safetensors:   4%|▍         | 201M/4.95G [00:02<00:46, 103MB/s]  [A


model-00002-of-00012.safetensors:   0%|          | 0.00/4.95G [00:02<?, ?B/s][A


model-00005-of-00012.safetensors:   5%|▌         | 268M/4.95G [00:02<00:36, 130MB/s]  [A


model-00006-of-00012.safetensors:   4%|▍         | 201M/4.95G [00:02<00:28, 168MB/s][A


model-00007-of-00012.safetensors:   5%|▌         | 268M/4.95G [00:02<00:20, 224MB/s][A


model-00004-of-00012.safetensors:   4%|▍         | 201M/4.95G [00:02<00:28, 168MB/s][A


model-00001-of-00012.safetensors:   8%|▊         | 402M/4.85G [00:02<00:13, 335MB/s][A


model-00003-of-00012.safetensors:   5%|▌         | 268M/4.95G [00:02<00:33, 139MB/s]  [A


model-00008-of-00012.safetensors:   8%|▊         | 402M/4.95G [00:03<00:30, 147MB/s][A


model-00002-of-00012.safetensors:   8%|▊         | 402M/4.95G [00:03<00:11, 402MB/s][A


model-00006-of-00012.safetensors:   9%|▉         | 469M/4.95G [00:03<00:20, 222MB/s][A


model-00007-of-00012.safetensors:  11%|█         | 537M/4.95G [00:03<00:17, 248MB/s][A


model-00001-of-00012.safetensors:  17%|█▋        | 805M/4.85G [00:03<00:10, 371MB/s][A


model-00005-of-00012.safetensors:  16%|█▌        | 805M/4.95G [00:03<00:14, 280MB/s][A


model-00003-of-00012.safetensors:  16%|█▌        | 805M/4.95G [00:03<00:14, 285MB/s][A


model-00004-of-00012.safetensors:  11%|█         | 537M/4.95G [00:03<00:19, 231MB/s][A


model-00002-of-00012.safetensors:  16%|█▌        | 805M/4.95G [00:04<00:10, 384MB/s][A


model-00006-of-00012.safetensors:  18%|█▊        | 872M/4.95G [00:04<00:13, 301MB/s][A


model-00007-of-00012.safetensors:  16%|█▌        | 805M/4.95G [00:04<00:16, 257MB/s][A


model-00008-of-00012.safetensors:  22%|██▏       | 1.07G/4.95G [00:04<00:11, 326MB/s][A


model-00001-of-00012.safetensors:  32%|███▏      | 1.54G/4.85G [00:04<00:06, 508MB/s][A


model-00005-of-00012.safetensors:  24%|██▍       | 1.21G/4.95G [00:04<00:12, 302MB/s][A


model-00004-of-00012.safetensors:  18%|█▊        | 872M/4.95G [00:04<00:16, 255MB/s][A


model-00003-of-00012.safetensors:  27%|██▋       | 1.34G/4.95G [00:04<00:11, 318MB/s][A


model-00007-of-00012.safetensors:  30%|██▉       | 1.48G/4.95G [00:05<00:09, 386MB/s][A


model-00008-of-00012.safetensors:  30%|██▉       | 1.48G/4.95G [00:05<00:10, 323MB/s][A


model-00006-of-00012.safetensors:  23%|██▎       | 1.14G/4.95G [00:05<00:15, 250MB/s][A


model-00005-of-00012.safetensors:  35%|███▌      | 1.74G/4.95G [00:05<00:08, 369MB/s][A


model-00002-of-00012.safetensors:  24%|██▍       | 1.21G/4.95G [00:06<00:13, 279MB/s][A


model-00003-of-00012.safetensors:  38%|███▊      | 1.88G/4.95G [00:06<00:08, 373MB/s][A


model-00001-of-00012.safetensors:  48%|████▊     | 2.35G/4.85G [00:06<00:05, 476MB/s][A


model-00008-of-00012.safetensors:  46%|████▌     | 2.28G/4.95G [00:06<00:05, 451MB/s][A


model-00006-of-00012.safetensors:  41%|████      | 2.01G/4.95G [00:06<00:07, 411MB/s][A


model-00005-of-00012.safetensors:  50%|█████     | 2.48G/4.95G [00:06<00:05, 450MB/s][A


model-00002-of-00012.safetensors:  39%|███▉      | 1.94G/4.95G [00:07<00:07, 401MB/s][A


model-00003-of-00012.safetensors:  49%|████▊     | 2.41G/4.95G [00:07<00:06, 404MB/s][A


model-00007-of-00012.safetensors:  42%|████▏     | 2.08G/4.95G [00:07<00:08, 327MB/s][A


model-00001-of-00012.safetensors:  58%|█████▊    | 2.83G/4.85G [00:07<00:04, 410MB/s][A


model-00006-of-00012.safetensors:  50%|█████     | 2.48G/4.95G [00:08<00:06, 405MB/s][A


model-00004-of-00012.safetensors:  23%|██▎       | 1.14G/4.95G [00:08<00:29, 131MB/s][A


model-00002-of-00012.safetensors:  54%|█████▍    | 2.68G/4.95G [00:08<00:04, 460MB/s][A


model-00006-of-00012.safetensors:  70%|███████   | 3.49G/4.95G [00:09<00:02, 559MB/s][A


model-00001-of-00012.safetensors:  72%|███████▏  | 3.49G/4.85G [00:09<00:03, 418MB/s][A


model-00007-of-00012.safetensors:  50%|█████     | 2.48G/4.95G [00:09<00:08, 300MB/s][A


model-00003-of-00012.safetensors:  60%|█████▉    | 2.95G/4.95G [00:09<00:06, 333MB/s][A


model-00004-of-00012.safetensors:  62%|██████▏   | 3.09G/4.95G [00:09<00:03, 493MB/s][A


model-00005-of-00012.safetensors:  76%|███████▌  | 3.76G/4.95G [00:09<00:02, 453MB/s][A


model-00008-of-00012.safetensors:  68%|██████▊   | 3.35G/4.95G [00:10<00:04, 372MB/s][A


model-00003-of-00012.safetensors:  69%|██████▉   | 3.42G/4.95G [00:10<00:04, 363MB/s][A


model-00007-of-00012.safetensors:  62%|██████▏   | 3.08G/4.95G [00:10<00:05, 341MB/s][A


model-00002-of-00012.safetensors:  66%|██████▋   | 3.29G/4.95G [00:10<00:04, 370MB/s][A


model-00008-of-00012.safetensors:  80%|███████▉  | 3.96G/4.95G [00:11<00:02, 402MB/s][A


model-00003-of-00012.safetensors:  85%|████████▌ | 4.22G/4.95G [00:11<00:01, 470MB/s][A


model-00007-of-00012.safetensors:  74%|███████▍  | 3.69G/4.95G [00:11<00:03, 403MB/s][A


model-00002-of-00012.safetensors:  79%|███████▊  | 3.89G/4.95G [00:11<00:02, 408MB/s][A


model-00006-of-00012.safetensors:  93%|█████████▎| 4.63G/4.95G [00:12<00:00, 480MB/s][A


model-00001-of-00012.safetensors:  86%|████████▌ | 4.16G/4.85G [00:12<00:02, 324MB/s][A


model-00005-of-00012.safetensors:  95%|█████████▍| 4.69G/4.95G [00:12<00:00, 390MB/s][A
model-00006-of-00012.safetensors: 100%|██████████| 4.95G/4.95G [00:12<00:00, 387MB/s]



model-00009-of-00012.safetensors:   0%|          | 0.00/4.95G [00:00<?, ?B/s][A
model-00005-of-00012.safetensors: 100%|██████████| 4.95G/4.95G [00:13<00:00, 369MB/s]



model-00010-of-00012.safetensors:   0%|          | 0.00/4.95G [00:00<?, ?B/s][A


model-00008-of-00012.safetensors:  93%|█████████▎| 4.63G/4.95G [00:13<00:00, 359MB/s][A


model-00002-of-00012.safetensors: 100%|██████████| 4.95G/4.95G [00:13<00:00, 492MB/s][A


model-00004-of-00012.safetensors:  87%|████████▋ | 4.29G/4.95G [00:13<00:01, 388MB/s][A


model-00001-of-00012.safetensors: 100%|██████████| 4.85G/4.85G [00:13<00:00, 370MB/s][A


model-00003-of-00012.safetensors: 100%|██████████| 4.95G/4.95G [00:13<00:00, 414MB/s][A
model-00003-of-00012.safetensors: 100%|██████████| 4.95G/4.95G [00:13<00:00, 367MB/s]



model-00011-of-00012.safetensors:   0%|          | 0.00/4.95G [00:00<?, ?B/s][A


model-00007-of-00012.safetensors: 100%|██████████| 4.95G/4.95G [00:13<00:00, 488MB/s][A
model-00002-of-00012.safetensors: 100%|██████████| 4.95G/4.95G [00:13<00:00, 360MB/s]


model-00001-of-00012.safetensors: 100%|██████████| 4.85G/4.85G [00:13<00:00, 353MB/s]



Fetching 12 files:   8%|▊         | 1/12 [00:13<02:32, 13.82s/it][A


model-00012-of-00012.safetensors:   0%|          | 0.00/462M [00:00<?, ?B/s][A


model-00009-of-00012.safetensors:   0%|          | 0.00/4.95G [00:01<?, ?B/s][A
model-00007-of-00012.safetensors: 100%|██████████| 4.95G/4.95G [00:13<00:00, 357MB/s]


model-00008-of-00012.safetensors: 100%|██████████| 4.95G/4.95G [00:13<00:00, 357MB/s]


model-00004-of-00012.safetensors: 100%|██████████| 4.95G/4.95G [00:13<00:00, 357MB/s]



model-00010-of-00012.safetensors:   0%|          | 0.00/4.95G [00:01<?, ?B/s][A


model-00011-of-00012.safetensors:   0%|          | 0.00/4.95G [00:01<?, ?B/s][A


model-00012-of-00012.safetensors:   0%|          | 0.00/462M [00:01<?, ?B/s][A


model-00009-of-00012.safetensors:   3%|▎         | 134M/4.95G [00:02<00:43, 112MB/s][A


model-00010-of-00012.safetensors:   1%|▏         | 67.0M/4.95G [00:02<01:27, 55.9MB/s][A


model-00012-of-00012.safetensors:  43%|████▎     | 201M/462M [00:02<00:01, 201MB/s][A


model-00011-of-00012.safetensors:   5%|▌         | 268M/4.95G [00:02<00:20, 224MB/s][A


model-00009-of-00012.safetensors:  12%|█▏        | 603M/4.95G [00:03<00:14, 306MB/s][A


model-00010-of-00012.safetensors:   8%|▊         | 402M/4.95G [00:03<00:24, 187MB/s]  [A


model-00012-of-00012.safetensors: 100%|██████████| 462M/462M [00:03<00:00, 211MB/s][A
model-00012-of-00012.safetensors: 100%|██████████| 462M/462M [00:03<00:00, 144MB/s]



model-00011-of-00012.safetensors:  12%|█▏        | 604M/4.95G [00:03<00:16, 256MB/s][A


model-00009-of-00012.safetensors:  21%|██        | 1.02G/4.95G [00:04<00:12, 328MB/s][A


model-00011-of-00012.safetensors:  21%|██        | 1.02G/4.95G [00:04<00:12, 324MB/s][A


model-00010-of-00012.safetensors:  21%|██        | 1.02G/4.95G [00:04<00:11, 338MB/s][A


model-00009-of-00012.safetensors:  38%|███▊      | 1.88G/4.95G [00:05<00:06, 484MB/s][A


model-00011-of-00012.safetensors:  30%|██▉       | 1.48G/4.95G [00:05<00:09, 371MB/s][A


model-00010-of-00012.safetensors:  31%|███       | 1.54G/4.95G [00:05<00:08, 402MB/s][A


model-00009-of-00012.safetensors:  54%|█████▍    | 2.68G/4.95G [00:06<00:04, 553MB/s][A


model-00010-of-00012.safetensors:  58%|█████▊    | 2.88G/4.95G [00:06<00:02, 715MB/s][A


model-00011-of-00012.safetensors:  54%|█████▍    | 2.68G/4.95G [00:06<00:03, 618MB/s][A


model-00009-of-00012.safetensors:  66%|██████▋   | 3.29G/4.95G [00:07<00:02, 568MB/s][A


model-00010-of-00012.safetensors:  79%|███████▊  | 3.89G/4.95G [00:07<00:01, 807MB/s][A


model-00011-of-00012.safetensors:  73%|███████▎  | 3.62G/4.95G [00:07<00:01, 710MB/s][A


model-00009-of-00012.safetensors:  85%|████████▌ | 4.22G/4.95G [00:09<00:01, 640MB/s][A
model-00010-of-00012.safetensors: 100%|██████████| 4.95G/4.95G [00:08<00:00, 589MB/s]



model-00011-of-00012.safetensors: 100%|██████████| 4.95G/4.95G [00:08<00:00, 860MB/s][A
model-00011-of-00012.safetensors: 100%|██████████| 4.95G/4.95G [00:08<00:00, 562MB/s]


model-00009-of-00012.safetensors: 100%|██████████| 4.95G/4.95G [00:10<00:00, 495MB/s]



Fetching 12 files:  75%|███████▌  | 9/12 [00:22<00:06,  2.16s/it][A
Fetching 12 files: 100%|██████████| 12/12 [00:22<00:00,  1.91s/it]



Loading checkpoint shards:   0%|          | 0/12 [00:00<?, ?it/s][A


Loading checkpoint shards:   8%|▊         | 1/12 [00:03<00:35,  3.21s/it][A


Loading checkpoint shards:  17%|█▋        | 2/12 [00:09<00:49,  4.92s/it][A


Loading checkpoint shards:  25%|██▌       | 3/12 [00:15<00:49,  5.46s/it][A


Loading checkpoint shards:  33%|███▎      | 4/12 [00:21<00:45,  5.69s/it][A


Loading checkpoint shards:  42%|████▏     | 5/12 [00:27<00:40,  5.85s/it][A


Loading checkpoint shards:  50%|█████     | 6/12 [00:33<00:35,  5.88s/it][A


Loading checkpoint shards:  58%|█████▊    | 7/12 [00:39<00:29,  5.84s/it][A


Loading checkpoint shards:  67%|██████▋   | 8/12 [00:45<00:23,  5.89s/it][A


Loading checkpoint shards:  75%|███████▌  | 9/12 [00:51<00:17,  5.91s/it][A


Loading checkpoint shards:  83%|████████▎ | 10/12 [00:57<00:11,  5.93s/it][A


Loading checkpoint shards:  92%|█████████▏| 11/12 [01:03<00:05,  5.95s/it][A
Loading checkpoint shards: 100%|██████████| 12/12 [01:03<00:00,  5.32s/it]



generation_config.json:   0%|          | 0.00/215 [00:00<?, ?B/s][A
generation_config.json: 100%|██████████| 215/215 [00:00<00:00, 2.29MB/s]

[hf-jobs-train] connecting to remote env: https://dhiwakardev-openenv.hf.space

[hf-jobs-train] remote env connected.

[hf-jobs-train] dataset rows: 10

The tokenizer has new PAD/BOS/EOS tokens that differ from the model config and generation config. The model config and generation config were aligned accordingly, being updated with the tokenizer's values. Updated tokens: {'eos_token_id': 1, 'bos_token_id': 2, 'pad_token_id': 0}.

The `TRACKIO_PROJECT` environment variable is deprecated and will be removed in a future version. Use TrainingArguments.project instead.

The `TRACKIO_SPACE_ID` environment variable is deprecated and will be removed in a future version. Use TrainingArguments.trackio_space_id instead.

* Trackio project initialized: mcm-gemma3-27b-full

* Trackio metrics will be synced to Hugging Face Dataset: DhiwakarDev/mcm-trackio-dataset

* Found existing space: https://huggingface.co/spaces/DhiwakarDev/mcm-trackio

* View dashboard by going to: https://DhiwakarDev-mcm-trackio.hf.space/

* Created new run: crowd_announcement-20260426-101402


[rollout] sample 1/8 task=crowd_announcement comp_len=512 turns=4 reward=0.333 elapsed=57.2s

[rollout] sample 2/8 task=crowd_announcement comp_len=512 turns=4 reward=0.335 elapsed=51.3s

[rollout] sample 3/8 task=crowd_announcement comp_len=512 turns=4 reward=0.410 elapsed=51.1s

[rollout] sample 4/8 task=crowd_announcement comp_len=512 turns=4 reward=0.385 elapsed=51.2s

[rollout] sample 5/8 task=crowd_announcement comp_len=512 turns=4 reward=0.334 elapsed=51.1s

[rollout] sample 6/8 task=crowd_announcement comp_len=512 turns=4 reward=0.467 elapsed=50.8s

[rollout] sample 7/8 task=crowd_announcement comp_len=512 turns=4 reward=0.417 elapsed=51.2s

[rollout] sample 8/8 task=crowd_announcement comp_len=512 turns=4 reward=0.417 elapsed=50.9s

breakdown: {"tool_sequence": 0.09999999999999999, "tool_fidelity": 0.05, "tool_economy": 0.05, "format": 0.05, "distribution_accuracy": 0.0, "conservation_accuracy": 0.0, "feasibility_accuracy": 0.0, "color_grading": 0.0, "factual_accuracy": 0.025, "platform_mention": 0.0, "noop_detection": 0.025, "sequential_direction": 0.0, "clarity": 0.033299999999999996}

breakdown: {"tool_sequence": 0.09999999999999999, "tool_fidelity": 0.05, "tool_economy": 0.05, "format": 0.05, "distribution_accuracy": 0.0, "conservation_accuracy": 0.0, "feasibility_accuracy": 0.0, "color_grading": 0.0, "factual_accuracy": 0.025, "platform_mention": 0.0, "noop_detection": 0.025, "sequential_direction": 0.0, "clarity": 0.034999999999999996}

breakdown: {"tool_sequence": 0.09999999999999999, "tool_fidelity": 0.05, "tool_economy": 0.05, "format": 0.05, "distribution_accuracy": 0.0, "conservation_accuracy": 0.0, "feasibility_accuracy": 0.0, "color_grading": 0.0, "factual_accuracy": 0.025, "platform_mention": 0.0, "noop_detection": 0.05, "sequential_direction": 0.05, "clarity": 0.034999999999999996}

breakdown: {"tool_sequence": 0.09999999999999999, "tool_fidelity": 0.05, "tool_economy": 0.05, "format": 0.05, "distribution_accuracy": 0.0, "conservation_accuracy": 0.0, "feasibility_accuracy": 0.0, "color_grading": 0.0, "factual_accuracy": 0.025, "platform_mention": 0.0, "noop_detection": 0.025, "sequential_direction": 0.05, "clarity": 0.034999999999999996}

breakdown: {"tool_sequence": 0.09999999999999999, "tool_fidelity": 0.05, "tool_economy": 0.05, "format": 0.05, "distribution_accuracy": 0.0, "conservation_accuracy": 0.0, "feasibility_accuracy": 0.0, "color_grading": 0.0, "factual_accuracy": 0.025, "platform_mention": 0.0, "noop_detection": 0.025, "sequential_direction": 0.0, "clarity": 0.033999999999999996}

breakdown: {"tool_sequence": 0.09999999999999999, "tool_fidelity": 0.05, "tool_economy": 0.05, "format": 0.05, "distribution_accuracy": 0.0, "conservation_accuracy": 0.0, "feasibility_accuracy": 0.0, "color_grading": 0.0, "factual_accuracy": 0.025, "platform_mention": 0.05, "noop_detection": 0.05, "sequential_direction": 0.05, "clarity": 0.0425}

breakdown: {"tool_sequence": 0.09999999999999999, "tool_fidelity": 0.05, "tool_economy": 0.05, "format": 0.05, "distribution_accuracy": 0.0, "conservation_accuracy": 0.0, "feasibility_accuracy": 0.0, "color_grading": 0.0, "factual_accuracy": 0.025, "platform_mention": 0.05, "noop_detection": 0.05, "sequential_direction": 0.0, "clarity": 0.0425}

breakdown: {"tool_sequence": 0.09999999999999999, "tool_fidelity": 0.05, "tool_economy": 0.05, "format": 0.05, "distribution_accuracy": 0.0, "conservation_accuracy": 0.0, "feasibility_accuracy": 0.0, "color_grading": 0.0, "factual_accuracy": 0.025, "platform_mention": 0.05, "noop_detection": 0.05, "sequential_direction": 0.0, "clarity": 0.0425}


  0%|          | 0/10 [00:00<?, ?it/s][ACould not estimate the number of tokens of the input, floating-point operations will not be computed



 10%|█         | 1/10 [07:26<1:07:00, 446.71s/it][A

{'loss': 0.0, 'grad_norm': 0.474609375, 'learning_rate': 5e-06, 'num_tokens': 12752.0, 'completions/mean_length': 183.0, 'completions/min_length': 183.0, 'completions/max_length': 183.0, 'completions/clipped_ratio': 1.0, 'completions/mean_terminated_length': 0.0, 'completions/min_terminated_length': 0.0, 'completions/max_terminated_length': 0.0, 'rewards/reward_fn/mean': 0.38747498393058777, 'rewards/reward_fn/std': 0.04966837912797928, 'reward': 0.38747498393058777, 'reward_std': 0.04966836795210838, 'frac_reward_zero_std': 0.25, 'entropy': 0.12112444639205933, 'clip_ratio/low_mean': 0.0, 'clip_ratio/low_min': 0.0, 'clip_ratio/high_mean': 0.0, 'clip_ratio/high_max': 0.0, 'clip_ratio/region_mean': 0.0, 'step_time': 445.3667966169887, 'epoch': 0.5}


                                                 
[A

step=1 >>> reward=0.3875 <<< >>> loss=0.0000 <<<

[rollout] sample 1/8 task=crowd_announcement comp_len=512 turns=4 reward=0.335 elapsed=51.0s

[rollout] sample 2/8 task=crowd_announcement comp_len=512 turns=4 reward=0.360 elapsed=51.7s

[rollout] sample 3/8 task=crowd_announcement comp_len=512 turns=3 reward=0.300 elapsed=54.4s

[rollout] sample 4/8 task=crowd_announcement comp_len=512 turns=4 reward=0.417 elapsed=51.2s

[rollout] sample 5/8 task=crowd_announcement comp_len=512 turns=4 reward=0.467 elapsed=51.3s

[rollout] sample 6/8 task=crowd_announcement comp_len=512 turns=4 reward=0.410 elapsed=51.6s

[rollout] sample 7/8 task=crowd_announcement comp_len=512 turns=4 reward=0.467 elapsed=51.4s

[rollout] sample 8/8 task=crowd_announcement comp_len=512 turns=4 reward=0.417 elapsed=51.5s

breakdown: {"tool_sequence": 0.09999999999999999, "tool_fidelity": 0.05, "tool_economy": 0.05, "format": 0.05, "distribution_accuracy": 0.0, "conservation_accuracy": 0.0, "feasibility_accuracy": 0.0, "color_grading": 0.0, "factual_accuracy": 0.025, "platform_mention": 0.0, "noop_detection": 0.025, "sequential_direction": 0.0, "clarity": 0.034999999999999996}

breakdown: {"tool_sequence": 0.09999999999999999, "tool_fidelity": 0.05, "tool_economy": 0.05, "format": 0.05, "distribution_accuracy": 0.0, "conservation_accuracy": 0.0, "feasibility_accuracy": 0.0, "color_grading": 0.0, "factual_accuracy": 0.025, "platform_mention": 0.0, "noop_detection": 0.05, "sequential_direction": 0.0, "clarity": 0.034999999999999996}

breakdown: {"tool_sequence": 0.09999999999999999, "tool_fidelity": 0.05, "tool_economy": 0.05, "format": 0.05, "distribution_accuracy": 0.0, "conservation_accuracy": 0.0, "feasibility_accuracy": 0.0, "color_grading": 0.0, "factual_accuracy": 0.025, "platform_mention": 0.0, "noop_detection": 0.025, "sequential_direction": 0.0, "clarity": 0.0}

breakdown: {"tool_sequence": 0.09999999999999999, "tool_fidelity": 0.05, "tool_economy": 0.05, "format": 0.05, "distribution_accuracy": 0.0, "conservation_accuracy": 0.0, "feasibility_accuracy": 0.0, "color_grading": 0.0, "factual_accuracy": 0.025, "platform_mention": 0.05, "noop_detection": 0.05, "sequential_direction": 0.0, "clarity": 0.0425}

breakdown: {"tool_sequence": 0.09999999999999999, "tool_fidelity": 0.05, "tool_economy": 0.05, "format": 0.05, "distribution_accuracy": 0.0, "conservation_accuracy": 0.0, "feasibility_accuracy": 0.0, "color_grading": 0.0, "factual_accuracy": 0.025, "platform_mention": 0.05, "noop_detection": 0.05, "sequential_direction": 0.05, "clarity": 0.0425}

breakdown: {"tool_sequence": 0.09999999999999999, "tool_fidelity": 0.05, "tool_economy": 0.05, "format": 0.05, "distribution_accuracy": 0.0, "conservation_accuracy": 0.0, "feasibility_accuracy": 0.0, "color_grading": 0.0, "factual_accuracy": 0.025, "platform_mention": 0.0, "noop_detection": 0.05, "sequential_direction": 0.05, "clarity": 0.034999999999999996}

breakdown: {"tool_sequence": 0.09999999999999999, "tool_fidelity": 0.05, "tool_economy": 0.05, "format": 0.05, "distribution_accuracy": 0.0, "conservation_accuracy": 0.0, "feasibility_accuracy": 0.0, "color_grading": 0.0, "factual_accuracy": 0.025, "platform_mention": 0.05, "noop_detection": 0.05, "sequential_direction": 0.05, "clarity": 0.0425}

breakdown: {"tool_sequence": 0.09999999999999999, "tool_fidelity": 0.05, "tool_economy": 0.05, "format": 0.05, "distribution_accuracy": 0.0, "conservation_accuracy": 0.0, "feasibility_accuracy": 0.0, "color_grading": 0.0, "factual_accuracy": 0.025, "platform_mention": 0.05, "noop_detection": 0.05, "sequential_direction": 0.0, "clarity": 0.0425}


 10%|█         | 1/10 [07:26<1:07:00, 446.71s/it][A

{'loss': 0.0076, 'grad_norm': 0.69140625, 'learning_rate': 4.5e-06, 'num_tokens': 25520.0, 'completions/mean_length': 185.0, 'completions/min_length': 183.0, 'completions/max_length': 199.0, 'completions/clipped_ratio': 1.0, 'completions/mean_terminated_length': 0.0, 'completions/min_terminated_length': 0.0, 'completions/max_terminated_length': 0.0, 'rewards/reward_fn/mean': 0.3968750238418579, 'rewards/reward_fn/std': 0.06044108420610428, 'reward': 0.3968750238418579, 'reward_std': 0.06044108793139458, 'frac_reward_zero_std': 0.0, 'entropy': 0.11904205475002527, 'clip_ratio/low_mean': 0.0, 'clip_ratio/low_min': 0.0, 'clip_ratio/high_mean': 0.0, 'clip_ratio/high_max': 0.0, 'clip_ratio/region_mean': 0.0, 'step_time': 444.4520687099939, 'epoch': 1.0}

step=2 >>> reward=0.3969 <<< >>> loss=0.0076 <<<


 20%|██        | 2/10 [14:52<59:27, 445.98s/it]  [A


                                               
[A

[rollout] sample 1/8 task=crowd_announcement comp_len=512 turns=4 reward=0.410 elapsed=51.6s

[rollout] sample 2/8 task=crowd_announcement comp_len=512 turns=4 reward=0.410 elapsed=51.0s

[rollout] sample 3/8 task=crowd_announcement comp_len=512 turns=4 reward=0.417 elapsed=50.8s