===== Job started at 2026-04-26 08:52:04 =====

debconf: delaying package configuration, since apt-utils is not installed

Selecting previously unselected package libexpat1:amd64.

(Reading database ... 
(Reading database ... 5%
(Reading database ... 10%
(Reading database ... 15%
(Reading database ... 20%
(Reading database ... 25%
(Reading database ... 30%
(Reading database ... 35%
(Reading database ... 40%
(Reading database ... 45%
(Reading database ... 50%
(Reading database ... 55%
(Reading database ... 60%
(Reading database ... 65%
(Reading database ... 70%
(Reading database ... 75%
(Reading database ... 80%
(Reading database ... 85%
(Reading database ... 90%
(Reading database ... 95%
(Reading database ... 100%
(Reading database ... 14910 files and directories currently installed.)

Preparing to unpack .../0-libexpat1_2.4.7-1ubuntu0.7_amd64.deb ...

Unpacking libexpat1:amd64 (2.4.7-1ubuntu0.7) ...

Selecting previously unselected package libnghttp2-14:amd64.

Preparing to unpack .../1-libnghttp2-14_1.43.0-1ubuntu0.2_amd64.deb ...

Unpacking libnghttp2-14:amd64 (1.43.0-1ubuntu0.2) ...

Selecting previously unselected package libpsl5:amd64.

Preparing to unpack .../2-libpsl5_0.21.0-1.2build2_amd64.deb ...

Unpacking libpsl5:amd64 (0.21.0-1.2build2) ...

Selecting previously unselected package libbrotli1:amd64.

Preparing to unpack .../3-libbrotli1_1.0.9-2build6_amd64.deb ...

Unpacking libbrotli1:amd64 (1.0.9-2build6) ...

Selecting previously unselected package librtmp1:amd64.

Preparing to unpack .../4-librtmp1_2.4+20151223.gitfa8646d.1-2build4_amd64.deb ...

Unpacking librtmp1:amd64 (2.4+20151223.gitfa8646d.1-2build4) ...

Selecting previously unselected package libssh-4:amd64.

Preparing to unpack .../5-libssh-4_0.9.6-2ubuntu0.22.04.7_amd64.deb ...

Unpacking libssh-4:amd64 (0.9.6-2ubuntu0.22.04.7) ...

Selecting previously unselected package libcurl3-gnutls:amd64.

Preparing to unpack .../6-libcurl3-gnutls_7.81.0-1ubuntu1.23_amd64.deb ...

Unpacking libcurl3-gnutls:amd64 (7.81.0-1ubuntu1.23) ...

Selecting previously unselected package liberror-perl.

Preparing to unpack .../7-liberror-perl_0.17029-1_all.deb ...

Unpacking liberror-perl (0.17029-1) ...

Selecting previously unselected package git-man.

Preparing to unpack .../8-git-man_1%3a2.34.1-1ubuntu1.17_all.deb ...

Unpacking git-man (1:2.34.1-1ubuntu1.17) ...

Selecting previously unselected package git.

Preparing to unpack .../9-git_1%3a2.34.1-1ubuntu1.17_amd64.deb ...

Unpacking git (1:2.34.1-1ubuntu1.17) ...

Setting up libexpat1:amd64 (2.4.7-1ubuntu0.7) ...

Setting up libpsl5:amd64 (0.21.0-1.2build2) ...

Setting up libbrotli1:amd64 (1.0.9-2build6) ...

Setting up libnghttp2-14:amd64 (1.43.0-1ubuntu0.2) ...

Setting up liberror-perl (0.17029-1) ...

Setting up librtmp1:amd64 (2.4+20151223.gitfa8646d.1-2build4) ...

Setting up libssh-4:amd64 (0.9.6-2ubuntu0.22.04.7) ...

Setting up git-man (1:2.34.1-1ubuntu1.17) ...

Setting up libcurl3-gnutls:amd64 (7.81.0-1ubuntu1.23) ...

Setting up git (1:2.34.1-1ubuntu1.17) ...

Processing triggers for libc-bin (2.35-0ubuntu3.6) ...

WARNING: Running pip as the 'root' user can result in broken permissions and conflicting behaviour with the system package manager, possibly rendering your system unusable.It is recommended to use a virtual environment instead: https://pip.pypa.io/warnings/venv. Use the --root-user-action option if you know what you are doing and want to suppress this warning.

Cloning into '/workspace/Gluon'...

[hf-jobs-train] trackio enabled: project=mcm-gemma3-27b-full space=DhiwakarDev/mcm-trackio run=ticket_issuance-20260426-085256

[hf-jobs-train] phase=ticket_issuance tasks=['ticket_issuance']

[hf-jobs-train] model=google/gemma-3-27b-it

[hf-jobs-train] loading google/gemma-3-27b-it in 4-bit NF4 (bf16 compute)



tokenizer_config.json:   0%|          | 0.00/1.16M [00:00<?, ?B/s][A
tokenizer_config.json: 100%|██████████| 1.16M/1.16M [00:00<00:00, 41.3MB/s]



tokenizer.model:   0%|          | 0.00/4.69M [00:00<?, ?B/s][A
tokenizer.model: 100%|██████████| 4.69M/4.69M [00:00<00:00, 7.57MB/s]



tokenizer.json:   0%|          | 0.00/33.4M [00:00<?, ?B/s][A
tokenizer.json: 100%|██████████| 33.4M/33.4M [00:00<00:00, 158MB/s]



added_tokens.json:   0%|          | 0.00/35.0 [00:00<?, ?B/s][A
added_tokens.json: 100%|██████████| 35.0/35.0 [00:00<00:00, 429kB/s]



special_tokens_map.json:   0%|          | 0.00/662 [00:00<?, ?B/s][A
special_tokens_map.json: 100%|██████████| 662/662 [00:00<00:00, 9.02MB/s]



config.json:   0%|          | 0.00/972 [00:00<?, ?B/s][A
config.json: 100%|██████████| 972/972 [00:00<00:00, 8.92MB/s]

`torch_dtype` is deprecated! Use `dtype` instead!



model.safetensors.index.json:   0%|          | 0.00/127k [00:00<?, ?B/s][A
model.safetensors.index.json: 100%|██████████| 127k/127k [00:00<00:00, 270MB/s]



Fetching 12 files:   0%|          | 0/12 [00:00<?, ?it/s][A


model-00003-of-00012.safetensors:   0%|          | 0.00/4.95G [00:00<?, ?B/s][A


model-00008-of-00012.safetensors:   0%|          | 0.00/4.95G [00:00<?, ?B/s][A


model-00004-of-00012.safetensors:   0%|          | 0.00/4.95G [00:00<?, ?B/s][A


model-00006-of-00012.safetensors:   0%|          | 0.00/4.95G [00:00<?, ?B/s][A


model-00005-of-00012.safetensors:   0%|          | 0.00/4.95G [00:00<?, ?B/s][A


model-00007-of-00012.safetensors:   0%|          | 0.00/4.95G [00:00<?, ?B/s][A


model-00002-of-00012.safetensors:   0%|          | 0.00/4.95G [00:00<?, ?B/s][A


model-00001-of-00012.safetensors:   0%|          | 0.00/4.85G [00:00<?, ?B/s][A


model-00003-of-00012.safetensors:   0%|          | 0.00/4.95G [00:01<?, ?B/s][A


model-00008-of-00012.safetensors:   0%|          | 0.00/4.95G [00:01<?, ?B/s][A


model-00006-of-00012.safetensors:   0%|          | 0.00/4.95G [00:01<?, ?B/s][A


model-00004-of-00012.safetensors:   0%|          | 0.00/4.95G [00:01<?, ?B/s][A


model-00005-of-00012.safetensors:   0%|          | 0.00/4.95G [00:01<?, ?B/s][A


model-00002-of-00012.safetensors:   0%|          | 0.00/4.95G [00:01<?, ?B/s][A


model-00007-of-00012.safetensors:   0%|          | 0.00/4.95G [00:01<?, ?B/s][A


model-00001-of-00012.safetensors:   1%|▏         | 67.1M/4.85G [00:01<01:16, 62.3MB/s][A


model-00002-of-00012.safetensors:   0%|          | 0.00/4.95G [00:02<?, ?B/s][A


model-00007-of-00012.safetensors:   3%|▎         | 134M/4.95G [00:02<00:35, 134MB/s][A


model-00005-of-00012.safetensors:   0%|          | 0.00/4.95G [00:02<?, ?B/s][A


model-00003-of-00012.safetensors:   0%|          | 8.27M/4.95G [00:02<11:57, 6.89MB/s][A


model-00004-of-00012.safetensors:   0%|          | 0.00/4.95G [00:02<?, ?B/s][A


model-00001-of-00012.safetensors:   6%|▌         | 268M/4.85G [00:02<00:36, 126MB/s]  [A


model-00008-of-00012.safetensors:   0%|          | 0.00/4.95G [00:02<?, ?B/s][A


model-00006-of-00012.safetensors:   0%|          | 0.00/4.95G [00:02<?, ?B/s][A


model-00002-of-00012.safetensors:   0%|          | 0.00/4.95G [00:03<?, ?B/s][A


model-00007-of-00012.safetensors:  11%|█         | 537M/4.95G [00:03<00:15, 292MB/s][A


model-00005-of-00012.safetensors:   7%|▋         | 335M/4.95G [00:03<00:13, 335MB/s][A


model-00003-of-00012.safetensors:   5%|▌         | 268M/4.95G [00:03<00:32, 144MB/s]  [A


model-00008-of-00012.safetensors:   8%|▊         | 402M/4.95G [00:03<00:13, 338MB/s][A


model-00004-of-00012.safetensors:   8%|▊         | 402M/4.95G [00:03<00:13, 338MB/s][A


model-00006-of-00012.safetensors:  15%|█▍        | 738M/4.95G [00:03<00:06, 620MB/s][A


model-00001-of-00012.safetensors:  11%|█         | 536M/4.85G [00:03<00:25, 172MB/s][A


model-00002-of-00012.safetensors:   0%|          | 0.00/4.95G [00:04<?, ?B/s][A


model-00007-of-00012.safetensors:  18%|█▊        | 872M/4.95G [00:04<00:13, 297MB/s][A


model-00005-of-00012.safetensors:  16%|█▌        | 805M/4.95G [00:04<00:11, 371MB/s][A


model-00003-of-00012.safetensors:  16%|█▌        | 805M/4.95G [00:04<00:14, 290MB/s][A


model-00004-of-00012.safetensors:  19%|█▉        | 939M/4.95G [00:04<00:09, 446MB/s][A


model-00008-of-00012.safetensors:  16%|█▌        | 805M/4.95G [00:04<00:12, 337MB/s][A


model-00006-of-00012.safetensors:  22%|██▏       | 1.07G/4.95G [00:04<00:09, 419MB/s][A


model-00001-of-00012.safetensors:  28%|██▊       | 1.34G/4.85G [00:04<00:09, 372MB/s][A


model-00002-of-00012.safetensors:   8%|▊         | 402M/4.95G [00:05<00:12, 360MB/s][A


model-00007-of-00012.safetensors:  30%|██▉       | 1.48G/4.95G [00:05<00:08, 404MB/s][A


model-00005-of-00012.safetensors:  24%|██▍       | 1.21G/4.95G [00:05<00:09, 384MB/s][A


model-00003-of-00012.safetensors:  22%|██▏       | 1.07G/4.95G [00:05<00:13, 282MB/s][A


model-00004-of-00012.safetensors:  30%|██▉       | 1.48G/4.95G [00:05<00:07, 484MB/s][A


model-00001-of-00012.safetensors:  36%|███▌      | 1.74G/4.85G [00:05<00:08, 382MB/s][A


model-00008-of-00012.safetensors:  24%|██▍       | 1.21G/4.95G [00:05<00:10, 341MB/s][A


model-00006-of-00012.safetensors:  30%|██▉       | 1.48G/4.95G [00:06<00:10, 329MB/s][A


model-00005-of-00012.safetensors:  35%|███▌      | 1.74G/4.95G [00:06<00:07, 440MB/s][A


model-00002-of-00012.safetensors:  23%|██▎       | 1.14G/4.95G [00:06<00:07, 523MB/s][A


model-00003-of-00012.safetensors:  34%|███▍      | 1.68G/4.95G [00:06<00:08, 373MB/s][A


model-00007-of-00012.safetensors:  47%|████▋     | 2.35G/4.95G [00:06<00:05, 507MB/s][A


model-00004-of-00012.safetensors:  38%|███▊      | 1.88G/4.95G [00:06<00:07, 400MB/s][A


model-00008-of-00012.safetensors:  37%|███▋      | 1.81G/4.95G [00:06<00:07, 429MB/s][A


model-00001-of-00012.safetensors:  47%|████▋     | 2.28G/4.85G [00:07<00:06, 382MB/s][A


model-00006-of-00012.safetensors:  41%|████      | 2.01G/4.95G [00:07<00:07, 371MB/s][A


model-00002-of-00012.safetensors:  37%|███▋      | 1.81G/4.95G [00:07<00:06, 514MB/s][A


model-00003-of-00012.safetensors:  45%|████▍     | 2.21G/4.95G [00:08<00:07, 372MB/s][A


model-00004-of-00012.safetensors:  46%|████▌     | 2.28G/4.95G [00:08<00:07, 366MB/s][A


model-00007-of-00012.safetensors:  58%|█████▊    | 2.88G/4.95G [00:08<00:04, 426MB/s][A


model-00006-of-00012.safetensors:  49%|████▊     | 2.41G/4.95G [00:08<00:07, 360MB/s][A


model-00005-of-00012.safetensors:  57%|█████▋    | 2.82G/4.95G [00:08<00:04, 445MB/s][A


model-00001-of-00012.safetensors:  58%|█████▊    | 2.83G/4.85G [00:08<00:05, 366MB/s][A


model-00002-of-00012.safetensors:  53%|█████▎    | 2.62G/4.95G [00:08<00:03, 602MB/s][A


model-00008-of-00012.safetensors:  47%|████▋     | 2.35G/4.95G [00:08<00:07, 356MB/s][A


model-00003-of-00012.safetensors:  57%|█████▋    | 2.82G/4.95G [00:09<00:05, 412MB/s][A


model-00004-of-00012.safetensors:  55%|█████▌    | 2.75G/4.95G [00:09<00:05, 379MB/s][A


model-00006-of-00012.safetensors:  55%|█████▌    | 2.75G/4.95G [00:09<00:06, 351MB/s][A


model-00008-of-00012.safetensors:  61%|██████    | 3.02G/4.95G [00:09<00:04, 430MB/s][A


model-00007-of-00012.safetensors:  69%|██████▉   | 3.42G/4.95G [00:10<00:04, 373MB/s][A


model-00001-of-00012.safetensors:  69%|██████▉   | 3.35G/4.85G [00:10<00:04, 353MB/s][A


model-00005-of-00012.safetensors:  66%|██████▋   | 3.29G/4.95G [00:10<00:04, 392MB/s][A


model-00004-of-00012.safetensors:  64%|██████▎   | 3.15G/4.95G [00:10<00:04, 384MB/s][A


model-00003-of-00012.safetensors:  66%|██████▋   | 3.29G/4.95G [00:10<00:04, 408MB/s][A


model-00002-of-00012.safetensors:  74%|███████▍  | 3.69G/4.95G [00:11<00:02, 536MB/s][A


model-00006-of-00012.safetensors:  66%|██████▋   | 3.29G/4.95G [00:11<00:04, 363MB/s][A


model-00007-of-00012.safetensors:  79%|███████▊  | 3.89G/4.95G [00:11<00:02, 396MB/s][A


model-00003-of-00012.safetensors:  76%|███████▌  | 3.76G/4.95G [00:11<00:02, 424MB/s][A


model-00001-of-00012.safetensors:  79%|███████▊  | 3.82G/4.85G [00:11<00:02, 364MB/s][A


model-00002-of-00012.safetensors:  85%|████████▌ | 4.23G/4.95G [00:12<00:01, 533MB/s][A


model-00006-of-00012.safetensors:  77%|███████▋  | 3.82G/4.95G [00:12<00:02, 409MB/s][A


model-00007-of-00012.safetensors:  92%|█████████▏| 4.56G/4.95G [00:12<00:00, 442MB/s][A


model-00003-of-00012.safetensors:  89%|████████▉ | 4.43G/4.95G [00:12<00:01, 493MB/s][A


model-00004-of-00012.safetensors:  81%|████████  | 4.02G/4.95G [00:12<00:02, 387MB/s][A


model-00001-of-00012.safetensors:  87%|████████▋ | 4.22G/4.85G [00:12<00:01, 369MB/s][A


model-00008-of-00012.safetensors:  76%|███████▌  | 3.76G/4.95G [00:12<00:03, 345MB/s][A


model-00005-of-00012.safetensors:  84%|████████▍ | 4.16G/4.95G [00:12<00:02, 367MB/s][A


model-00002-of-00012.safetensors: 100%|██████████| 4.95G/4.95G [00:13<00:00, 578MB/s][A
model-00002-of-00012.safetensors: 100%|██████████| 4.95G/4.95G [00:13<00:00, 379MB/s]



model-00009-of-00012.safetensors:   0%|          | 0.00/4.95G [00:00<?, ?B/s][A


model-00006-of-00012.safetensors:  87%|████████▋ | 4.29G/4.95G [00:13<00:01, 403MB/s][A


model-00008-of-00012.safetensors:  92%|█████████▏| 4.56G/4.95G [00:13<00:00, 440MB/s][A


model-00001-of-00012.safetensors: 100%|██████████| 4.85G/4.85G [00:13<00:00, 419MB/s][A
model-00006-of-00012.safetensors: 100%|██████████| 4.95G/4.95G [00:13<00:00, 362MB/s]



model-00004-of-00012.safetensors: 100%|██████████| 4.95G/4.95G [00:13<00:00, 496MB/s][A
model-00005-of-00012.safetensors: 100%|██████████| 4.95G/4.95G [00:13<00:00, 362MB/s]


model-00001-of-00012.safetensors: 100%|██████████| 4.85G/4.85G [00:13<00:00, 355MB/s]


model-00007-of-00012.safetensors: 100%|██████████| 4.95G/4.95G [00:13<00:00, 362MB/s]



Fetching 12 files:   8%|▊         | 1/12 [00:13<02:31, 13.74s/it][A


model-00010-of-00012.safetensors:   0%|          | 0.00/4.95G [00:00<?, ?B/s][A


model-00012-of-00012.safetensors:   0%|          | 0.00/462M [00:00<?, ?B/s][A


model-00011-of-00012.safetensors:   0%|          | 0.00/4.95G [00:00<?, ?B/s][A


model-00003-of-00012.safetensors: 100%|██████████| 4.95G/4.95G [00:13<00:00, 452MB/s][A
model-00003-of-00012.safetensors: 100%|██████████| 4.95G/4.95G [00:13<00:00, 359MB/s]


model-00004-of-00012.safetensors: 100%|██████████| 4.95G/4.95G [00:13<00:00, 357MB/s]


model-00008-of-00012.safetensors: 100%|██████████| 4.95G/4.95G [00:14<00:00, 352MB/s]



model-00009-of-00012.safetensors:   0%|          | 0.00/4.95G [00:01<?, ?B/s][A


model-00010-of-00012.safetensors:   0%|          | 0.00/4.95G [00:01<?, ?B/s][A


model-00012-of-00012.safetensors:  14%|█▍        | 67.0M/462M [00:01<00:05, 66.3MB/s][A


model-00011-of-00012.safetensors:   0%|          | 0.00/4.95G [00:01<?, ?B/s][A


model-00009-of-00012.safetensors:   4%|▍         | 201M/4.95G [00:02<00:28, 168MB/s][A


model-00010-of-00012.safetensors:   1%|▏         | 67.0M/4.95G [00:02<01:12, 67.0MB/s][A


model-00012-of-00012.safetensors:  58%|█████▊    | 268M/462M [00:02<00:01, 130MB/s]  [A


model-00011-of-00012.safetensors:   4%|▍         | 201M/4.95G [00:02<00:28, 168MB/s][A


model-00009-of-00012.safetensors:  12%|█▏        | 603M/4.95G [00:03<00:16, 266MB/s][A


model-00010-of-00012.safetensors:   5%|▌         | 268M/4.95G [00:03<00:32, 146MB/s]  [A
model-00012-of-00012.safetensors: 100%|██████████| 462M/462M [00:03<00:00, 144MB/s]



model-00011-of-00012.safetensors:   7%|▋         | 335M/4.95G [00:03<00:34, 135MB/s][A


model-00009-of-00012.safetensors:  19%|█▉        | 939M/4.95G [00:04<00:14, 272MB/s][A


model-00010-of-00012.safetensors:   8%|▊         | 402M/4.95G [00:04<00:32, 141MB/s][A


model-00011-of-00012.safetensors:  16%|█▌        | 805M/4.95G [00:04<00:15, 273MB/s][A


model-00009-of-00012.safetensors:  38%|███▊      | 1.88G/4.95G [00:05<00:06, 507MB/s][A


model-00010-of-00012.safetensors:  19%|█▉        | 939M/4.95G [00:05<00:13, 297MB/s][A


model-00011-of-00012.safetensors:  22%|██▏       | 1.07G/4.95G [00:05<00:15, 252MB/s][A


model-00010-of-00012.safetensors:  35%|███▌      | 1.74G/4.95G [00:06<00:06, 480MB/s][A


model-00009-of-00012.safetensors:  54%|█████▍    | 2.68G/4.95G [00:06<00:03, 569MB/s][A


model-00011-of-00012.safetensors:  42%|████▏     | 2.08G/4.95G [00:06<00:05, 501MB/s][A


model-00009-of-00012.safetensors:  72%|███████▏  | 3.55G/4.95G [00:07<00:02, 662MB/s][A


model-00010-of-00012.safetensors:  50%|█████     | 2.48G/4.95G [00:07<00:04, 532MB/s][A


model-00011-of-00012.safetensors:  62%|██████▏   | 3.08G/4.95G [00:08<00:03, 587MB/s][A


model-00009-of-00012.safetensors: 100%|██████████| 4.95G/4.95G [00:08<00:00, 889MB/s][A
model-00009-of-00012.safetensors: 100%|██████████| 4.95G/4.95G [00:08<00:00, 562MB/s]



Fetching 12 files:  75%|███████▌  | 9/12 [00:21<00:06,  2.05s/it][A


model-00010-of-00012.safetensors:  69%|██████▉   | 3.42G/4.95G [00:08<00:02, 659MB/s][A


model-00011-of-00012.safetensors:  76%|███████▌  | 3.76G/4.95G [00:09<00:02, 578MB/s][A


model-00010-of-00012.safetensors:  87%|████████▋ | 4.29G/4.95G [00:09<00:00, 679MB/s][A
model-00010-of-00012.safetensors: 100%|██████████| 4.95G/4.95G [00:09<00:00, 505MB/s]



Fetching 12 files:  83%|████████▎ | 10/12 [00:23<00:03,  1.99s/it][A
model-00011-of-00012.safetensors: 100%|██████████| 4.95G/4.95G [00:09<00:00, 505MB/s]


Fetching 12 files: 100%|██████████| 12/12 [00:23<00:00,  1.97s/it]



Loading checkpoint shards:   0%|          | 0/12 [00:00<?, ?it/s][A


Loading checkpoint shards:   8%|▊         | 1/12 [00:03<00:35,  3.27s/it][A


Loading checkpoint shards:  17%|█▋        | 2/12 [00:09<00:47,  4.78s/it][A


Loading checkpoint shards:  25%|██▌       | 3/12 [00:14<00:47,  5.24s/it][A


Loading checkpoint shards:  33%|███▎      | 4/12 [00:20<00:43,  5.40s/it][A


Loading checkpoint shards:  42%|████▏     | 5/12 [00:26<00:38,  5.49s/it][A


Loading checkpoint shards:  50%|█████     | 6/12 [00:31<00:33,  5.54s/it][A


Loading checkpoint shards:  58%|█████▊    | 7/12 [00:37<00:27,  5.57s/it][A


Loading checkpoint shards:  67%|██████▋   | 8/12 [00:43<00:22,  5.58s/it][A


Loading checkpoint shards:  75%|███████▌  | 9/12 [00:48<00:16,  5.60s/it][A


Loading checkpoint shards:  83%|████████▎ | 10/12 [00:54<00:11,  5.61s/it][A


Loading checkpoint shards:  92%|█████████▏| 11/12 [00:59<00:05,  5.62s/it][A
Loading checkpoint shards: 100%|██████████| 12/12 [01:00<00:00,  5.04s/it]



generation_config.json:   0%|          | 0.00/215 [00:00<?, ?B/s][A
generation_config.json: 100%|██████████| 215/215 [00:00<00:00, 2.58MB/s]

[hf-jobs-train] connecting to remote env: https://dhiwakardev-openenv.hf.space

[hf-jobs-train] remote env connected.

[hf-jobs-train] dataset rows: 10

The tokenizer has new PAD/BOS/EOS tokens that differ from the model config and generation config. The model config and generation config were aligned accordingly, being updated with the tokenizer's values. Updated tokens: {'eos_token_id': 1, 'bos_token_id': 2, 'pad_token_id': 0}.

The `TRACKIO_PROJECT` environment variable is deprecated and will be removed in a future version. Use TrainingArguments.project instead.

The `TRACKIO_SPACE_ID` environment variable is deprecated and will be removed in a future version. Use TrainingArguments.trackio_space_id instead.

* Trackio project initialized: mcm-gemma3-27b-full

* Trackio metrics will be synced to Hugging Face Dataset: DhiwakarDev/mcm-trackio-dataset

* Found existing space: https://huggingface.co/spaces/DhiwakarDev/mcm-trackio

* View dashboard by going to: https://DhiwakarDev-mcm-trackio.hf.space/

* Created new run: ticket_issuance-20260426-085256


[rollout] sample 1/8 task=ticket_issuance comp_len=487 turns=4 reward=0.650 elapsed=100.8s

[rollout] sample 2/8 task=ticket_issuance comp_len=382 turns=3 reward=0.550 elapsed=93.8s

[rollout] sample 3/8 task=ticket_issuance comp_len=487 turns=4 reward=0.650 elapsed=97.2s

[rollout] sample 4/8 task=ticket_issuance comp_len=455 turns=4 reward=0.650 elapsed=85.8s

[rollout] sample 5/8 task=ticket_issuance comp_len=311 turns=4 reward=0.650 elapsed=48.6s

[rollout] sample 6/8 task=ticket_issuance comp_len=487 turns=4 reward=0.650 elapsed=95.0s

[rollout] sample 7/8 task=ticket_issuance comp_len=385 turns=3 reward=0.400 elapsed=87.9s

[rollout] sample 8/8 task=ticket_issuance comp_len=362 turns=3 reward=0.400 elapsed=83.4s

breakdown: {"tool_sequence": 0.05, "tool_fidelity": 0.2, "tool_economy": 0.1, "format": 0.1, "ticket_schema_validity": 0.15, "language_consistency": 0.05}

breakdown: {"tool_sequence": 0.05, "tool_fidelity": 0.1, "tool_economy": 0.1, "format": 0.1, "ticket_schema_validity": 0.15, "language_consistency": 0.05}

breakdown: {"tool_sequence": 0.05, "tool_fidelity": 0.2, "tool_economy": 0.1, "format": 0.1, "ticket_schema_validity": 0.15, "language_consistency": 0.05}

breakdown: {"tool_sequence": 0.05, "tool_fidelity": 0.2, "tool_economy": 0.1, "format": 0.1, "ticket_schema_validity": 0.15, "language_consistency": 0.05}

breakdown: {"tool_sequence": 0.05, "tool_fidelity": 0.2, "tool_economy": 0.1, "format": 0.1, "ticket_schema_validity": 0.15, "language_consistency": 0.05}

breakdown: {"tool_sequence": 0.05, "tool_fidelity": 0.2, "tool_economy": 0.1, "format": 0.1, "ticket_schema_validity": 0.15, "language_consistency": 0.05}

breakdown: {"tool_sequence": 0.05, "tool_fidelity": 0.1, "tool_economy": 0.1, "format": 0.1, "ticket_schema_validity": 0.0, "language_consistency": 0.05}

breakdown: {"tool_sequence": 0.05, "tool_fidelity": 0.1, "tool_economy": 0.1, "format": 0.1, "ticket_schema_validity": 0.0, "language_consistency": 0.05}


  0%|          | 0/10 [00:00<?, ?it/s][ACould not estimate the number of tokens of the input, floating-point operations will not be computed



 10%|█         | 1/10 [12:04<1:48:42, 724.76s/it][A


                                                 
[A

{'loss': -0.0111, 'grad_norm': 0.181640625, 'learning_rate': 5e-06, 'num_tokens': 14413.0, 'completions/mean_length': 309.625, 'completions/min_length': 176.0, 'completions/max_length': 352.0, 'completions/clipped_ratio': 1.0, 'completions/mean_terminated_length': 0.0, 'completions/min_terminated_length': 0.0, 'completions/max_terminated_length': 0.0, 'rewards/reward_fn/mean': 0.574999988079071, 'rewards/reward_fn/std': 0.11338932812213898, 'reward': 0.574999988079071, 'reward_std': 0.11338933557271957, 'frac_reward_zero_std': 0.75, 'entropy': 0.09985903091728687, 'clip_ratio/low_mean': 0.0, 'clip_ratio/low_min': 0.0, 'clip_ratio/high_mean': 0.0, 'clip_ratio/high_max': 0.0, 'clip_ratio/region_mean': 0.0, 'step_time': 723.3674658460004, 'epoch': 0.5}

step=1 >>> reward=0.5750 <<< >>> loss=-0.0111 <<<

[rollout] sample 1/8 task=ticket_issuance comp_len=490 turns=4 reward=0.650 elapsed=96.4s

[rollout] sample 2/8 task=ticket_issuance comp_len=487 turns=4 reward=0.650 elapsed=95.5s

[rollout] sample 3/8 task=ticket_issuance comp_len=380 turns=3 reward=0.400 elapsed=84.4s

[rollout] sample 4/8 task=ticket_issuance comp_len=287 turns=2 reward=0.350 elapsed=81.6s

[rollout] sample 5/8 task=ticket_issuance comp_len=491 turns=4 reward=0.650 elapsed=102.8s

[rollout] sample 6/8 task=ticket_issuance comp_len=396 turns=3 reward=0.550 elapsed=87.3s

[rollout] sample 7/8 task=ticket_issuance comp_len=359 turns=3 reward=0.400 elapsed=77.5s

[rollout] sample 8/8 task=ticket_issuance comp_len=487 turns=4 reward=0.650 elapsed=94.3s

breakdown: {"tool_sequence": 0.05, "tool_fidelity": 0.2, "tool_economy": 0.1, "format": 0.1, "ticket_schema_validity": 0.15, "language_consistency": 0.05}

breakdown: {"tool_sequence": 0.05, "tool_fidelity": 0.2, "tool_economy": 0.1, "format": 0.1, "ticket_schema_validity": 0.15, "language_consistency": 0.05}

breakdown: {"tool_sequence": 0.05, "tool_fidelity": 0.1, "tool_economy": 0.1, "format": 0.1, "ticket_schema_validity": 0.0, "language_consistency": 0.05}

breakdown: {"tool_sequence": 0.0, "tool_fidelity": 0.1, "tool_economy": 0.1, "format": 0.1, "ticket_schema_validity": 0.0, "language_consistency": 0.05}

breakdown: {"tool_sequence": 0.05, "tool_fidelity": 0.2, "tool_economy": 0.1, "format": 0.1, "ticket_schema_validity": 0.15, "language_consistency": 0.05}

breakdown: {"tool_sequence": 0.05, "tool_fidelity": 0.1, "tool_economy": 0.1, "format": 0.1, "ticket_schema_validity": 0.15, "language_consistency": 0.05}

breakdown: {"tool_sequence": 0.05, "tool_fidelity": 0.1, "tool_economy": 0.1, "format": 0.1, "ticket_schema_validity": 0.0, "language_consistency": 0.05}

breakdown: {"tool_sequence": 0.05, "tool_fidelity": 0.2, "tool_economy": 0.1, "format": 0.1, "ticket_schema_validity": 0.15, "language_consistency": 0.05}


 10%|█         | 1/10 [12:04<1:48:42, 724.76s/it][A


 20%|██        | 2/10 [24:36<1:38:44, 740.58s/it][A

{'loss': -0.0385, 'grad_norm': 0.380859375, 'learning_rate': 4.5e-06, 'num_tokens': 28954.0, 'completions/mean_length': 325.625, 'completions/min_length': 258.0, 'completions/max_length': 356.0, 'completions/clipped_ratio': 1.0, 'completions/mean_terminated_length': 0.0, 'completions/min_terminated_length': 0.0, 'completions/max_terminated_length': 0.0, 'rewards/reward_fn/mean': 0.5375000238418579, 'rewards/reward_fn/std': 0.13296078145503998, 'reward': 0.5375000238418579, 'reward_std': 0.13296078145503998, 'frac_reward_zero_std': 0.25, 'entropy': 0.13284099008888006, 'clip_ratio/low_mean': 0.0, 'clip_ratio/low_min': 0.0, 'clip_ratio/high_mean': 0.0, 'clip_ratio/high_max': 0.0, 'clip_ratio/region_mean': 0.0, 'step_time': 750.6314563990018, 'epoch': 1.0}


                                                 
[A

step=2 >>> reward=0.5375 <<< >>> loss=-0.0385 <<<

[rollout] sample 1/8 task=ticket_issuance comp_len=487 turns=4 reward=0.650 elapsed=94.9s

[rollout] sample 2/8 task=ticket_issuance comp_len=474 turns=4 reward=0.650 elapsed=91.8s

[rollout] sample 3/8 task=ticket_issuance comp_len=487 turns=4 reward=0.650 elapsed=95.8s

[rollout] sample 4/8 task=ticket_issuance comp_len=485 turns=4 reward=0.650 elapsed=95.5s

[rollout] sample 5/8 task=ticket_issuance comp_len=487 turns=4 reward=0.650 elapsed=96.4s

[rollout] sample 6/8 task=ticket_issuance comp_len=487 turns=4 reward=0.650 elapsed=95.6s

[rollout] sample 7/8 task=ticket_issuance comp_len=487 turns=4 reward=0.650 elapsed=95.6s

[rollout] sample 8/8 task=ticket_issuance comp_len=490 turns=4 reward=0.650 elapsed=97.1s

breakdown: {"tool_sequence": 0.05, "tool_fidelity": 0.2, "tool_economy": 0.1, "format": 0.1, "ticket_schema_validity": 0.15, "language_consistency": 0.05}

breakdown: {"tool_sequence": 0.05, "tool_fidelity": 0.2, "tool_economy": 0.1, "format": 0.1, "ticket_schema_validity": 0.15, "language_consistency": 0.05}

breakdown: {"tool_sequence": 0.05, "tool_fidelity": 0.2, "tool_economy": 0.1, "format": 0.1, "ticket_schema_validity": 0.15, "language_consistency": 0.05}

breakdown: {"tool_sequence": 0.05, "tool_fidelity": 0.2, "tool_economy": 0.1, "format": 0.1, "ticket_schema_validity": 0.15, "language_consistency": 0.05}

breakdown: {"tool_sequence": 0.05, "tool_fidelity": 0.2, "tool_economy": 0.1, "format": 0.1, "ticket_schema_validity": 0.15, "language_consistency": 0.05}

breakdown: {"tool_sequence": 0.05, "tool_fidelity": 0.2, "tool_economy": 0.1, "format": 0.1, "ticket_schema_validity": 0.15, "language_consistency": 0.05}

breakdown: {"tool_sequence": 0.05, "tool_fidelity": 0.2, "tool_economy": 0.1, "format": 0.1, "ticket_schema_validity": 0.15, "language_consistency": 0.05}

breakdown: {"tool_sequence": 0.05, "tool_fidelity": 0.2, "tool_economy": 0.1, "format": 0.1, "ticket_schema_validity": 0.15, "language_consistency": 0.05}


 20%|██        | 2/10 [24:36<1:38:44, 740.58s/it][A


 30%|███       | 3/10 [37:49<1:29:11, 764.44s/it][A


                                                 
[A

{'loss': 0.0, 'grad_norm': 0.0, 'learning_rate': 4.000000000000001e-06, 'num_tokens': 43694.0, 'completions/mean_length': 350.5, 'completions/min_length': 339.0, 'completions/max_length': 355.0, 'completions/clipped_ratio': 1.0, 'completions/mean_terminated_length': 0.0, 'completions/min_terminated_length': 0.0, 'completions/max_terminated_length': 0.0, 'rewards/reward_fn/mean': 0.6499999761581421, 'rewards/reward_fn/std': 0.0, 'reward': 0.6499999761581421, 'reward_std': 0.0, 'frac_reward_zero_std': 1.0, 'entropy': 0.08073495421558619, 'clip_ratio/low_mean': 0.0, 'clip_ratio/low_min': 0.0, 'clip_ratio/high_mean': 0.0, 'clip_ratio/high_max': 0.0, 'clip_ratio/region_mean': 0.0, 'step_time': 791.8447153180168, 'epoch': 1.5}

step=3 >>> reward=0.6500 <<< >>> loss=0.0000 <<<

[rollout] sample 1/8 task=ticket_issuance comp_len=491 turns=4 reward=0.650 elapsed=96.7s

[rollout] sample 2/8 task=ticket_issuance comp_len=491 turns=4 reward=0.650 elapsed=95.9s

[rollout] sample 3/8 task=ticket_issuance comp_len=491 turns=4 reward=0.650 elapsed=94.6s

[rollout] sample 4/8 task=ticket_issuance comp_len=491 turns=4 reward=0.650 elapsed=96.2s

[rollout] sample 5/8 task=ticket_issuance comp_len=488 turns=4 reward=0.650 elapsed=96.0s

[rollout] sample 6/8 task=ticket_issuance comp_len=487 turns=4 reward=0.650 elapsed=96.4s

[rollout] sample 7/8 task=ticket_issuance comp_len=487 turns=4 reward=0.650 elapsed=96.4s

[rollout] sample 8/8 task=ticket_issuance comp_len=484 turns=4 reward=0.650 elapsed=95.6s

breakdown: {"tool_sequence": 0.05, "tool_fidelity": 0.2, "tool_economy": 0.1, "format": 0.1, "ticket_schema_validity": 0.15, "language_consistency": 0.05}

breakdown: {"tool_sequence": 0.05, "tool_fidelity": 0.2, "tool_economy": 0.1, "format": 0.1, "ticket_schema_validity": 0.15, "language_consistency": 0.05}

breakdown: {"tool_sequence": 0.05, "tool_fidelity": 0.2, "tool_economy": 0.1, "format": 0.1, "ticket_schema_validity": 0.15, "language_consistency": 0.05}

breakdown: {"tool_sequence": 0.05, "tool_fidelity": 0.2, "tool_economy": 0.1, "format": 0.1, "ticket_schema_validity": 0.15, "language_consistency": 0.05}

breakdown: {"tool_sequence": 0.05, "tool_fidelity": 0.2, "tool_economy": 0.1, "format": 0.1, "ticket_schema_validity": 0.15, "language_consistency": 0.05}

breakdown: {"tool_sequence": 0.05, "tool_fidelity": 0.2, "tool_economy": 0.1, "format": 0.1, "ticket_schema_validity": 0.15, "language_consistency": 0.05}

breakdown: {"tool_sequence": 0.05, "tool_fidelity": 0.2, "tool_economy": 0.1, "format": 0.1, "ticket_schema_validity": 0.15, "language_consistency": 0.05}

breakdown: {"tool_sequence": 0.05, "tool_fidelity": 0.2, "tool_economy": 0.1, "format": 0.1, "ticket_schema_validity": 0.15, "language_consistency": 0.05}


 30%|███       | 3/10 [37:49<1:29:11, 764.44s/it][A


 40%|████      | 4/10 [51:08<1:17:49, 778.30s/it][A


                                                 
[A

{'loss': 0.0, 'grad_norm': 0.0, 'learning_rate': 3.5e-06, 'num_tokens': 58460.0, 'completions/mean_length': 353.75, 'completions/min_length': 349.0, 'completions/max_length': 356.0, 'completions/clipped_ratio': 1.0, 'completions/mean_terminated_length': 0.0, 'completions/min_terminated_length': 0.0, 'completions/max_terminated_length': 0.0, 'rewards/reward_fn/mean': 0.6499999761581421, 'rewards/reward_fn/std': 0.0, 'reward': 0.6499999761581421, 'reward_std': 0.0, 'frac_reward_zero_std': 1.0, 'entropy': 0.0906230229884386, 'clip_ratio/low_mean': 0.0, 'clip_ratio/low_min': 0.0, 'clip_ratio/high_mean': 0.0, 'clip_ratio/high_max': 0.0, 'clip_ratio/region_mean': 0.0, 'step_time': 798.5387878229958, 'epoch': 2.0}

step=4 >>> reward=0.6500 <<< >>> loss=0.0000 <<<

[rollout] sample 1/8 task=ticket_issuance comp_len=297 turns=2 reward=0.350 elapsed=72.2s

[rollout] sample 2/8 task=ticket_issuance comp_len=499 turns=4 reward=0.650 elapsed=99.4s

[rollout] sample 3/8 task=ticket_issuance comp_len=487 turns=4 reward=0.650 elapsed=96.0s

[rollout] sample 4/8 task=ticket_issuance comp_len=491 turns=4 reward=0.650 elapsed=96.9s

[rollout] sample 5/8 task=ticket_issuance comp_len=505 turns=4 reward=0.650 elapsed=100.6s

[rollout] sample 6/8 task=ticket_issuance comp_len=498 turns=4 reward=0.650 elapsed=99.0s

[rollout] sample 7/8 task=ticket_issuance comp_len=487 turns=4 reward=0.650 elapsed=95.2s

[rollout] sample 8/8 task=ticket_issuance comp_len=487 turns=4 reward=0.650 elapsed=95.1s

breakdown: {"tool_sequence": 0.0, "tool_fidelity": 0.1, "tool_economy": 0.1, "format": 0.1, "ticket_schema_validity": 0.0, "language_consistency": 0.05}

breakdown: {"tool_sequence": 0.05, "tool_fidelity": 0.2, "tool_economy": 0.1, "format": 0.1, "ticket_schema_validity": 0.15, "language_consistency": 0.05}

breakdown: {"tool_sequence": 0.05, "tool_fidelity": 0.2, "tool_economy": 0.1, "format": 0.1, "ticket_schema_validity": 0.15, "language_consistency": 0.05}

breakdown: {"tool_sequence": 0.05, "tool_fidelity": 0.2, "tool_economy": 0.1, "format": 0.1, "ticket_schema_validity": 0.15, "language_consistency": 0.05}

breakdown: {"tool_sequence": 0.05, "tool_fidelity": 0.2, "tool_economy": 0.1, "format": 0.1, "ticket_schema_validity": 0.15, "language_consistency": 0.05}

breakdown: {"tool_sequence": 0.05, "tool_fidelity": 0.2, "tool_economy": 0.1, "format": 0.1, "ticket_schema_validity": 0.15, "language_consistency": 0.05}

breakdown: {"tool_sequence": 0.05, "tool_fidelity": 0.2, "tool_economy": 0.1, "format": 0.1, "ticket_schema_validity": 0.15, "language_consistency": 0.05}

breakdown: {"tool_sequence": 0.05, "tool_fidelity": 0.2, "tool_economy": 0.1, "format": 0.1, "ticket_schema_validity": 0.15, "language_consistency": 0.05}


 40%|████      | 4/10 [51:08<1:17:49, 778.30s/it][A


 50%|█████     | 5/10 [1:04:15<1:05:06, 781.24s/it][A


                                                   
[A

{'loss': -0.0244, 'grad_norm': 0.150390625, 'learning_rate': 3e-06, 'num_tokens': 73173.0, 'completions/mean_length': 347.125, 'completions/min_length': 268.0, 'completions/max_length': 370.0, 'completions/clipped_ratio': 1.0, 'completions/mean_terminated_length': 0.0, 'completions/min_terminated_length': 0.0, 'completions/max_terminated_length': 0.0, 'rewards/reward_fn/mean': 0.6124999523162842, 'rewards/reward_fn/std': 0.1060660183429718, 'reward': 0.6124999523162842, 'reward_std': 0.10606600344181061, 'frac_reward_zero_std': 0.75, 'entropy': 0.1017432315275073, 'clip_ratio/low_mean': 0.0, 'clip_ratio/low_min': 0.0, 'clip_ratio/high_mean': 0.0, 'clip_ratio/high_max': 0.0, 'clip_ratio/region_mean': 0.0, 'step_time': 785.4309330170072, 'epoch': 2.5}

step=5 >>> reward=0.6125 <<< >>> loss=-0.0244 <<<

[rollout] sample 1/8 task=ticket_issuance comp_len=491 turns=4 reward=0.650 elapsed=96.4s


 50%|█████     | 5/10 [1:04:15<1:05:06, 781.24s/it][A